import { registerInstance as __stencil_registerInstance } from "@stencil/core";
import { h } from "@stencil/core";
import { format } from "../../utils/utils";
export const MyComponent = class {
    constructor(hostRef) {
        __stencil_registerInstance(this, hostRef);
        this.baslangic = 1;
        this.artismiktari = 5;
    }
    componentWillLoad() {
        this.deger = this.baslangic;
    }
    getText() {
        return format(this.first, this.middle, this.last);
    }
    render() {
        return h("div", null, "Hello, World! I'm ", this.getText());
    }
    static get style() { return "STYLE_TEXT_PLACEHOLDER:my-component"; }
};
