import { registerInstance as __stencil_registerInstance } from "@stencil/core";
import { h } from "@stencil/core";
import { format } from "../../utils/utils";
export const MyComponent = class {
    constructor(hostRef) {
        __stencil_registerInstance(this, hostRef);
        this.initialValue = 1;
        this.amountOfIncrease = 5;
    }
    componentWillLoad() {
        this.value = this.initialValue;
    }
    getText() {
        return format(this.first, this.last);
    }
    render() {
        return h("div", null, "Hello, World! I'm ", this.getText());
    }
    static get style() { return "STYLE_TEXT_PLACEHOLDER:my-component"; }
};
